Determining if the pthread_create exist failed with the following output:
Change Dir: /home/beechang/shenlanHW/HW3/LaserUndistortion_ws/src/champion_nav_msgs/build/CMakeFiles/CMakeTmp

Run Build Command:"/usr/bin/make" "cmTC_18207/fast"
/usr/bin/make -f CMakeFiles/cmTC_18207.dir/build.make CMakeFiles/cmTC_18207.dir/build
make[1]: 进入目录“/home/beechang/shenlanHW/HW3/LaserUndistortion_ws/src/champion_nav_msgs/build/CMakeFiles/CMakeTmp”
Building C object CMakeFiles/cmTC_18207.dir/CheckSymbolExists.c.o
/usr/bin/cc    -o CMakeFiles/cmTC_18207.dir/CheckSymbolExists.c.o   -c /home/beechang/shenlanHW/HW3/LaserUndistortion_ws/src/champion_nav_msgs/build/CMakeFiles/CMakeTmp/CheckSymbolExists.c
Linking C executable cmTC_18207
/usr/bin/cmake -E cmake_link_script CMakeFiles/cmTC_18207.dir/link.txt --verbose=1
/usr/bin/cc      -rdynamic CMakeFiles/cmTC_18207.dir/CheckSymbolExists.c.o  -o cmTC_18207 
CMakeFiles/cmTC_18207.dir/CheckSymbolExists.c.o：在函数‘main’中：
CheckSymbolExists.c:(.text+0x1b)：对‘pthread_create’未定义的引用
collect2: error: ld returned 1 exit status
CMakeFiles/cmTC_18207.dir/build.make:97: recipe for target 'cmTC_18207' failed
make[1]: *** [cmTC_18207] Error 1
make[1]: 离开目录“/home/beechang/shenlanHW/HW3/LaserUndistortion_ws/src/champion_nav_msgs/build/CMakeFiles/CMakeTmp”
Makefile:126: recipe for target 'cmTC_18207/fast' failed
make: *** [cmTC_18207/fast] Error 2

File /home/beechang/shenlanHW/HW3/LaserUndistortion_ws/src/champion_nav_msgs/build/CMakeFiles/CMakeTmp/CheckSymbolExists.c:
/* */
#include <pthread.h>

int main(int argc, char** argv)
{
  (void)argv;
#ifndef pthread_create
  return ((int*)(&pthread_create))[argc];
#else
  (void)argc;
  return 0;
#endif
}

Determining if the function pthread_create exists in the pthreads failed with the following output:
Change Dir: /home/beechang/shenlanHW/HW3/LaserUndistortion_ws/src/champion_nav_msgs/build/CMakeFiles/CMakeTmp

Run Build Command:"/usr/bin/make" "cmTC_60e5a/fast"
/usr/bin/make -f CMakeFiles/cmTC_60e5a.dir/build.make CMakeFiles/cmTC_60e5a.dir/build
make[1]: 进入目录“/home/beechang/shenlanHW/HW3/LaserUndistortion_ws/src/champion_nav_msgs/build/CMakeFiles/CMakeTmp”
Building C object CMakeFiles/cmTC_60e5a.dir/CheckFunctionExists.c.o
/usr/bin/cc   -DCHECK_FUNCTION_EXISTS=pthread_create   -o CMakeFiles/cmTC_60e5a.dir/CheckFunctionExists.c.o   -c /usr/share/cmake-3.10/Modules/CheckFunctionExists.c
Linking C executable cmTC_60e5a
/usr/bin/cmake -E cmake_link_script CMakeFiles/cmTC_60e5a.dir/link.txt --verbose=1
/usr/bin/cc  -DCHECK_FUNCTION_EXISTS=pthread_create    -rdynamic CMakeFiles/cmTC_60e5a.dir/CheckFunctionExists.c.o  -o cmTC_60e5a -lpthreads 
/usr/bin/ld: 找不到 -lpthreads
collect2: error: ld returned 1 exit status
CMakeFiles/cmTC_60e5a.dir/build.make:97: recipe for target 'cmTC_60e5a' failed
make[1]: *** [cmTC_60e5a] Error 1
make[1]: 离开目录“/home/beechang/shenlanHW/HW3/LaserUndistortion_ws/src/champion_nav_msgs/build/CMakeFiles/CMakeTmp”
Makefile:126: recipe for target 'cmTC_60e5a/fast' failed
make: *** [cmTC_60e5a/fast] Error 2


